This is pdfTeX, Version 3.1415926-2.5-1.40.14 (MiKTeX 2.9 64-bit) (preloaded format=pdflatex 2015.3.13)  16 MAR 2015 17:32
entering extended mode
**pre_relatorio.tex
(C:\Users\Augusto\Documents\GitHub\LabControle\lab3\latex\pre_relatorio.tex
LaTeX2e <2011/06/27>
Babel <v3.8m> and hyphenation patterns for english, afrikaans, ancientgreek, ar
abic, armenian, assamese, basque, bengali, bokmal, bulgarian, catalan, coptic, 
croatian, czech, danish, dutch, esperanto, estonian, farsi, finnish, french, ga
lician, german, german-x-2013-05-26, greek, gujarati, hindi, hungarian, iceland
ic, indonesian, interlingua, irish, italian, kannada, kurmanji, latin, latvian,
 lithuanian, malayalam, marathi, mongolian, mongolianlmc, monogreek, ngerman, n
german-x-2013-05-26, nynorsk, oriya, panjabi, pinyin, polish, portuguese, roman
ian, russian, sanskrit, serbian, slovak, slovenian, spanish, swedish, swissgerm
an, tamil, telugu, turkish, turkmen, ukenglish, ukrainian, uppersorbian, usengl
ishmax, welsh, loaded.
("e:\Program Files\MiKTeX 2.9\tex\latex\base\article.cls"
Document Class: article 2007/10/19 v1.4h Standard LaTeX document class
("e:\Program Files\MiKTeX 2.9\tex\latex\base\size12.clo"
File: size12.clo 2007/10/19 v1.4h Standard LaTeX file (size option)
)
\c@part=\count79
\c@section=\count80
\c@subsection=\count81
\c@subsubsection=\count82
\c@paragraph=\count83
\c@subparagraph=\count84
\c@figure=\count85
\c@table=\count86
\abovecaptionskip=\skip41
\belowcaptionskip=\skip42
\bibindent=\dimen102
)
("e:\Program Files\MiKTeX 2.9\tex\generic\babel\babel.sty"
Package: babel 2008/07/08 v3.8m The Babel package

*************************************
* Local config file bblopts.cfg used
*
("e:\Program Files\MiKTeX 2.9\tex\latex\00miktex\bblopts.cfg"
File: bblopts.cfg 2006/07/31 v1.0 MiKTeX 'babel' configuration
)
("e:\Program Files\MiKTeX 2.9\tex\generic\babel\portuges.ldf"
Language: portuges 2008/03/18 v1.2q Portuguese support from the babel system

("e:\Program Files\MiKTeX 2.9\tex\generic\babel\babel.def"
File: babel.def 2008/07/08 v3.8m Babel common definitions
\babel@savecnt=\count87
\U@D=\dimen103
)
\l@brazil = a dialect from \language\l@portuges 
Package babel Info: Making " an active character on input line 145.
))
("e:\Program Files\MiKTeX 2.9\tex\latex\base\inputenc.sty"
Package: inputenc 2008/03/30 v1.1d Input encoding file
\inpenc@prehook=\toks14
\inpenc@posthook=\toks15

("e:\Program Files\MiKTeX 2.9\tex\latex\base\latin1.def"
File: latin1.def 2008/03/30 v1.1d Input encoding file
))
("e:\Program Files\MiKTeX 2.9\tex\latex\base\fontenc.sty"
Package: fontenc 2005/09/27 v1.99g Standard LaTeX package

("e:\Program Files\MiKTeX 2.9\tex\latex\base\t1enc.def"
File: t1enc.def 2005/09/27 v1.99g Standard LaTeX file
LaTeX Font Info:    Redeclaring font encoding T1 on input line 43.
))
("e:\Program Files\MiKTeX 2.9\tex\latex\psfrag\psfrag.sty"
Package: psfrag 1998/04/11 v3.04 PSfrag (MCG)

("e:\Program Files\MiKTeX 2.9\tex\latex\graphics\graphics.sty"
Package: graphics 2009/02/05 v1.0o Standard LaTeX Graphics (DPC,SPQR)

("e:\Program Files\MiKTeX 2.9\tex\latex\graphics\trig.sty"
Package: trig 1999/03/16 v1.09 sin cos tan (DPC)
)
("e:\Program Files\MiKTeX 2.9\tex\latex\00miktex\graphics.cfg"
File: graphics.cfg 2007/01/18 v1.5 graphics configuration of teTeX/TeXLive
)
Package graphics Info: Driver file: pdftex.def on input line 91.

("e:\Program Files\MiKTeX 2.9\tex\latex\pdftex-def\pdftex.def"
File: pdftex.def 2011/05/27 v0.06d Graphics/color for pdfTeX

("e:\Program Files\MiKTeX 2.9\tex\generic\oberdiek\infwarerr.sty"
Package: infwarerr 2010/04/08 v1.3 Providing info/warning/error messages (HO)
)
("e:\Program Files\MiKTeX 2.9\tex\generic\oberdiek\ltxcmds.sty"
Package: ltxcmds 2011/11/09 v1.22 LaTeX kernel commands for general use (HO)
)
\Gread@gobject=\count88
))
\pfg@pcount=\count89
\pfg@scount=\count90
\pfg@temp=\write3
)
("e:\Program Files\MiKTeX 2.9\tex\latex\preprint\fullpage.sty"
Package: fullpage 1999/02/23 1.1 (PWD)
\FP@margin=\skip43
)
("e:\Program Files\MiKTeX 2.9\tex\latex\setspace\setspace.sty"
Package: setspace 2011/12/19 v6.7a set line spacing
)
("e:\Program Files\MiKTeX 2.9\tex\latex\graphics\graphicx.sty"
Package: graphicx 1999/02/16 v1.0f Enhanced LaTeX Graphics (DPC,SPQR)

("e:\Program Files\MiKTeX 2.9\tex\latex\graphics\keyval.sty"
Package: keyval 1999/03/16 v1.13 key=value parser (DPC)
\KV@toks@=\toks16
)
\Gin@req@height=\dimen104
\Gin@req@width=\dimen105
)
("e:\Program Files\MiKTeX 2.9\tex\latex\graphics\epsfig.sty"
Package: epsfig 1999/02/16 v1.7a (e)psfig emulation (SPQR)
\epsfxsize=\dimen106
\epsfysize=\dimen107
)
("e:\Program Files\MiKTeX 2.9\tex\latex\oberdiek\epstopdf.sty"
Package: epstopdf 2010/02/09 v2.5 Conversion with epstopdf on the fly (HO)

("e:\Program Files\MiKTeX 2.9\tex\latex\oberdiek\epstopdf-base.sty"
Package: epstopdf-base 2010/02/09 v2.5 Base part for package epstopdf

("e:\Program Files\MiKTeX 2.9\tex\latex\oberdiek\grfext.sty"
Package: grfext 2010/08/19 v1.1 Manage graphics extensions (HO)

("e:\Program Files\MiKTeX 2.9\tex\generic\oberdiek\kvdefinekeys.sty"
Package: kvdefinekeys 2011/04/07 v1.3 Define keys (HO)
))
("e:\Program Files\MiKTeX 2.9\tex\latex\oberdiek\kvoptions.sty"
Package: kvoptions 2011/06/30 v3.11 Key value format for package options (HO)

("e:\Program Files\MiKTeX 2.9\tex\generic\oberdiek\kvsetkeys.sty"
Package: kvsetkeys 2012/04/25 v1.16 Key value parser (HO)

("e:\Program Files\MiKTeX 2.9\tex\generic\oberdiek\etexcmds.sty"
Package: etexcmds 2011/02/16 v1.5 Avoid name clashes with e-TeX commands (HO)

("e:\Program Files\MiKTeX 2.9\tex\generic\oberdiek\ifluatex.sty"
Package: ifluatex 2010/03/01 v1.3 Provides the ifluatex switch (HO)
Package ifluatex Info: LuaTeX not detected.
)
Package etexcmds Info: Could not find \expanded.
(etexcmds)             That can mean that you are not using pdfTeX 1.50 or
(etexcmds)             that some package has redefined \expanded.
(etexcmds)             In the latter case, load this package earlier.
)))
("e:\Program Files\MiKTeX 2.9\tex\generic\oberdiek\pdftexcmds.sty"
Package: pdftexcmds 2011/11/29 v0.20 Utility functions of pdfTeX for LuaTeX (HO
)

("e:\Program Files\MiKTeX 2.9\tex\generic\oberdiek\ifpdf.sty"
Package: ifpdf 2011/01/30 v2.3 Provides the ifpdf switch (HO)
Package ifpdf Info: pdfTeX in PDF mode is detected.
)
Package pdftexcmds Info: LuaTeX not detected.
Package pdftexcmds Info: \pdf@primitive is available.
Package pdftexcmds Info: \pdf@ifprimitive is available.
Package pdftexcmds Info: \pdfdraftmode found.
)
Package grfext Info: Graphics extension search list:
(grfext)             [.png,.pdf,.jpg,.mps,.jpeg,.jbig2,.jb2,.PNG,.PDF,.JPG,.JPE
G,.JBIG2,.JB2,.eps]
(grfext)             \AppendGraphicsExtensions on input line 452.
))
("e:\Program Files\MiKTeX 2.9\tex\latex\graphics\color.sty"
Package: color 2005/11/14 v1.0j Standard LaTeX Color (DPC)

("e:\Program Files\MiKTeX 2.9\tex\latex\00miktex\color.cfg"
File: color.cfg 2007/01/18 v1.5 color configuration of teTeX/TeXLive
)
Package color Info: Driver file: pdftex.def on input line 130.
)
("e:\Program Files\MiKTeX 2.9\tex\latex\caption\caption.sty"
Package: caption 2013/05/02 v3.3-89 Customizing captions (AR)

("e:\Program Files\MiKTeX 2.9\tex\latex\caption\caption3.sty"
Package: caption3 2013/05/02 v1.6-88 caption3 kernel (AR)
Package caption3 Info: TeX engine: e-TeX on input line 57.
\captionmargin=\dimen108
\captionmargin@=\dimen109
\captionwidth=\dimen110
\caption@tempdima=\dimen111
\caption@indent=\dimen112
\caption@parindent=\dimen113
\caption@hangindent=\dimen114
)
\c@ContinuedFloat=\count91
)
("e:\Program Files\MiKTeX 2.9\tex\latex\caption\subcaption.sty"
Package: subcaption 2013/02/03 v1.1-62 Sub-captions (AR)
\c@subfigure=\count92
\c@subtable=\count93
)
("e:\Program Files\MiKTeX 2.9\tex\latex\placeins\placeins.sty"
Package: placeins 2005/04/18  v 2.2
)
("e:\Program Files\MiKTeX 2.9\tex\latex\float\float.sty"
Package: float 2001/11/08 v1.3d Float enhancements (AL)
\c@float@type=\count94
\float@exts=\toks17
\float@box=\box26
\@float@everytoks=\toks18
\@floatcapt=\box27
)
\c@teorema=\count95

(C:\Users\Augusto\Documents\GitHub\LabControle\lab3\latex\pre_relatorio.aux)
LaTeX Font Info:    Checking defaults for OML/cmm/m/it on input line 41.
LaTeX Font Info:    ... okay on input line 41.
LaTeX Font Info:    Checking defaults for T1/cmr/m/n on input line 41.
LaTeX Font Info:    ... okay on input line 41.
LaTeX Font Info:    Checking defaults for OT1/cmr/m/n on input line 41.
LaTeX Font Info:    ... okay on input line 41.
LaTeX Font Info:    Checking defaults for OMS/cmsy/m/n on input line 41.
LaTeX Font Info:    ... okay on input line 41.
LaTeX Font Info:    Checking defaults for OMX/cmex/m/n on input line 41.
LaTeX Font Info:    ... okay on input line 41.
LaTeX Font Info:    Checking defaults for U/cmr/m/n on input line 41.
LaTeX Font Info:    ... okay on input line 41.

("e:\Program Files\MiKTeX 2.9\tex\context\base\supp-pdf.mkii"
[Loading MPS to PDF converter (version 2006.09.02).]
\scratchcounter=\count96
\scratchdimen=\dimen115
\scratchbox=\box28
\nofMPsegments=\count97
\nofMParguments=\count98
\everyMPshowfont=\toks19
\MPscratchCnt=\count99
\MPscratchDim=\dimen116
\MPnumerator=\count100
\makeMPintoPDFobject=\count101
\everyMPtoPDFconversion=\toks20
)
Package caption Info: Begin \AtBeginDocument code.
Package caption Info: float package is loaded.
Package caption Info: End \AtBeginDocument code.
LaTeX Font Info:    External font `cmex10' loaded for size
(Font)              <12> on input line 77.
LaTeX Font Info:    External font `cmex10' loaded for size
(Font)              <8> on input line 77.
LaTeX Font Info:    External font `cmex10' loaded for size
(Font)              <6> on input line 77.
 [1
Non-PDF special ignored!

{C:/ProgramData/MiKTeX/2.9/pdftex/config/pdftex.map}]
(C:\Users\Augusto\Documents\GitHub\LabControle\lab3\latex\pre_relatorio.toc)
\tf@toc=\write4

[1]
LaTeX Font Info:    Try loading font information for T1+cmtt on input line 122.

 ("e:\Program Files\MiKTeX 2.9\tex\latex\base\t1cmtt.fd"
File: t1cmtt.fd 1999/05/25 v2.5h Standard LaTeX font definitions
)
Package epstopdf Info: Source file: <pre_relatorio_01.eps>
(epstopdf)                    date: 2015-03-16 10:28:51
(epstopdf)                    size: 10515 bytes
(epstopdf)             Output file: <pre_relatorio_01-eps-converted-to.pdf>
(epstopdf)                    date: 2015-03-16 10:31:06
(epstopdf)                    size: 4044 bytes
(epstopdf)             Command: <epstopdf --outfile=pre_relatorio_01-eps-conver
ted-to.pdf pre_relatorio_01.eps>
(epstopdf)             \includegraphics on input line 128.
Package epstopdf Info: Output file is already uptodate.

<pre_relatorio_01-eps-converted-to.pdf, id=16, 375.4025pt x 299.1175pt>
File: pre_relatorio_01-eps-converted-to.pdf Graphic file (type pdf)

<use pre_relatorio_01-eps-converted-to.pdf>
Package pdftex.def Info: pre_relatorio_01-eps-converted-to.pdf used on input li
ne 128.
(pdftex.def)             Requested size: 289.07999pt x 230.34856pt.
 [2

 <C:/Users/Augusto/Documents/GitHub/LabControle/lab3/latex/pre_relatorio_01-eps
-converted-to.pdf>]
<rlocus-C1.jpg, id=31, 1371.1225pt x 653.44125pt>
File: rlocus-C1.jpg Graphic file (type jpg)
 <use rlocus-C1.jpg>
Package pdftex.def Info: rlocus-C1.jpg used on input line 175.
(pdftex.def)             Requested size: 433.62pt x 206.65268pt.

<Step-C1.jpg, id=32, 840.13875pt x 441.65pt>
File: Step-C1.jpg Graphic file (type jpg)
 <use Step-C1.jpg>
Package pdftex.def Info: Step-C1.jpg used on input line 181.
(pdftex.def)             Requested size: 289.07999pt x 151.96506pt.
 [3 <C:/Users/Augusto/Documents/GitHub/LabControle/lab3/latex/rlocus-C1.jpg> <C
:/Users/Augusto/Documents/GitHub/LabControle/lab3/latex/Step-C1.jpg>]
<rampa-C1.jpg, id=36, 562.1pt x 421.575pt>
File: rampa-C1.jpg Graphic file (type jpg)
 <use rampa-C1.jpg>
Package pdftex.def Info: rampa-C1.jpg used on input line 198.
(pdftex.def)             Requested size: 289.07999pt x 216.80798pt.
Package epstopdf Info: Source file: <pre_relatorio_03.eps>
(epstopdf)                    date: 2015-03-16 10:28:53
(epstopdf)                    size: 25697 bytes
(epstopdf)             Output file: <pre_relatorio_03-eps-converted-to.pdf>
(epstopdf)                    date: 2015-03-16 10:31:08
(epstopdf)                    size: 3557 bytes
(epstopdf)             Command: <epstopdf --outfile=pre_relatorio_03-eps-conver
ted-to.pdf pre_relatorio_03.eps>
(epstopdf)             \includegraphics on input line 215.
Package epstopdf Info: Output file is already uptodate.

<pre_relatorio_03-eps-converted-to.pdf, id=37, 350.30875pt x 309.155pt>
File: pre_relatorio_03-eps-converted-to.pdf Graphic file (type pdf)

<use pre_relatorio_03-eps-converted-to.pdf>
Package pdftex.def Info: pre_relatorio_03-eps-converted-to.pdf used on input li
ne 215.
(pdftex.def)             Requested size: 289.07999pt x 255.1362pt.
 [4 <C:/Users/Augusto/Documents/GitHub/LabControle/lab3/latex/rampa-C1.jpg>]
Package epstopdf Info: Source file: <pre_relatorio_04.eps>
(epstopdf)                    date: 2015-03-16 10:28:55
(epstopdf)                    size: 62711 bytes
(epstopdf)             Output file: <pre_relatorio_04-eps-converted-to.pdf>
(epstopdf)                    date: 2015-03-16 10:31:08
(epstopdf)                    size: 14504 bytes
(epstopdf)             Command: <epstopdf --outfile=pre_relatorio_04-eps-conver
ted-to.pdf pre_relatorio_04.eps>
(epstopdf)             \includegraphics on input line 227.
Package epstopdf Info: Output file is already uptodate.

<pre_relatorio_04-eps-converted-to.pdf, id=42, 369.38pt x 310.15875pt>
File: pre_relatorio_04-eps-converted-to.pdf Graphic file (type pdf)

<use pre_relatorio_04-eps-converted-to.pdf>
Package pdftex.def Info: pre_relatorio_04-eps-converted-to.pdf used on input li
ne 227.
(pdftex.def)             Requested size: 289.07999pt x 242.73213pt.
 [5 <C:/Users/Augusto/Documents/GitHub/LabControle/lab3/latex/pre_relatorio_03-
eps-converted-to.pdf> <C:/Users/Augusto/Documents/GitHub/LabControle/lab3/latex
/pre_relatorio_04-eps-converted-to.pdf>]
Package epstopdf Info: Source file: <pre_relatorio_05.eps>
(epstopdf)                    date: 2015-03-16 10:28:55
(epstopdf)                    size: 30654 bytes
(epstopdf)             Output file: <pre_relatorio_05-eps-converted-to.pdf>
(epstopdf)                    date: 2015-03-16 10:31:09
(epstopdf)                    size: 16338 bytes
(epstopdf)             Command: <epstopdf --outfile=pre_relatorio_05-eps-conver
ted-to.pdf pre_relatorio_05.eps>
(epstopdf)             \includegraphics on input line 240.
Package epstopdf Info: Output file is already uptodate.
 <pre_relatorio_05-eps-converted-to.pdf, id=53, 350.30875pt x 309.155pt>
File: pre_relatorio_05-eps-converted-to.pdf Graphic file (type pdf)

<use pre_relatorio_05-eps-converted-to.pdf>
Package pdftex.def Info: pre_relatorio_05-eps-converted-to.pdf used on input li
ne 240.
(pdftex.def)             Requested size: 289.07999pt x 255.1362pt.
Package epstopdf Info: Source file: <pre_relatorio_06.eps>
(epstopdf)                    date: 2015-03-16 10:28:57
(epstopdf)                    size: 68572 bytes
(epstopdf)             Output file: <pre_relatorio_06-eps-converted-to.pdf>
(epstopdf)                    date: 2015-03-16 10:31:10
(epstopdf)                    size: 30477 bytes
(epstopdf)             Command: <epstopdf --outfile=pre_relatorio_06-eps-conver
ted-to.pdf pre_relatorio_06.eps>
(epstopdf)             \includegraphics on input line 252.
Package epstopdf Info: Output file is already uptodate.

<pre_relatorio_06-eps-converted-to.pdf, id=54, 369.38pt x 310.15875pt>
File: pre_relatorio_06-eps-converted-to.pdf Graphic file (type pdf)

<use pre_relatorio_06-eps-converted-to.pdf>
Package pdftex.def Info: pre_relatorio_06-eps-converted-to.pdf used on input li
ne 252.
(pdftex.def)             Requested size: 289.07999pt x 242.73213pt.
 [6 <C:/Users/Augusto/Documents/GitHub/LabControle/lab3/latex/pre_relatorio_05-
eps-converted-to.pdf>] [7 <C:/Users/Augusto/Documents/GitHub/LabControle/lab3/l
atex/pre_relatorio_06-eps-converted-to.pdf>] <../imgs/ziegler-nichols.png, id=6
9, 843.15pt x 426.09187pt>
File: ../imgs/ziegler-nichols.png Graphic file (type png)

<use ../imgs/ziegler-nichols.png>
Package pdftex.def Info: ../imgs/ziegler-nichols.png used on input line 312.
(pdftex.def)             Requested size: 289.07999pt x 146.09161pt.
 [8 <C:/Users/Augusto/Documents/GitHub/LabControle/lab3/imgs/ziegler-nichols.pn
g>]
<../imgs/ziegler-nichols_step.png, id=76, 134.904pt x 100.9371pt>
File: ../imgs/ziegler-nichols_step.png Graphic file (type png)

<use ../imgs/ziegler-nichols_step.png>
Package pdftex.def Info: ../imgs/ziegler-nichols_step.png used on input line 33
8.
(pdftex.def)             Requested size: 289.07999pt x 216.33899pt.

<../imgs/ziegler-nichols_z_step.png, id=77, 134.904pt x 100.9371pt>
File: ../imgs/ziegler-nichols_z_step.png Graphic file (type png)

<use ../imgs/ziegler-nichols_z_step.png>
Package pdftex.def Info: ../imgs/ziegler-nichols_z_step.png used on input line 
354.
(pdftex.def)             Requested size: 289.07999pt x 216.33899pt.
 [9 <C:/Users/Augusto/Documents/GitHub/LabControle/lab3/imgs/ziegler-nichols_st
ep.png>]
Package epstopdf Info: Source file: <pre_relatorio_07.eps>
(epstopdf)                    date: 2015-03-16 10:28:59
(epstopdf)                    size: 44930 bytes
(epstopdf)             Output file: <pre_relatorio_07-eps-converted-to.pdf>
(epstopdf)                    date: 2015-03-16 10:31:11
(epstopdf)                    size: 8370 bytes
(epstopdf)             Command: <epstopdf --outfile=pre_relatorio_07-eps-conver
ted-to.pdf pre_relatorio_07.eps>
(epstopdf)             \includegraphics on input line 368.
Package epstopdf Info: Output file is already uptodate.

<pre_relatorio_07-eps-converted-to.pdf, id=82, 366.36874pt x 297.11pt>
File: pre_relatorio_07-eps-converted-to.pdf Graphic file (type pdf)

<use pre_relatorio_07-eps-converted-to.pdf>
Package pdftex.def Info: pre_relatorio_07-eps-converted-to.pdf used on input li
ne 368.
(pdftex.def)             Requested size: 289.07999pt x 234.44684pt.
Package epstopdf Info: Source file: <pre_relatorio_08.eps>
(epstopdf)                    date: 2015-03-16 10:29:00
(epstopdf)                    size: 48912 bytes
(epstopdf)             Output file: <pre_relatorio_08-eps-converted-to.pdf>
(epstopdf)                    date: 2015-03-16 10:31:12
(epstopdf)                    size: 26610 bytes
(epstopdf)             Command: <epstopdf --outfile=pre_relatorio_08-eps-conver
ted-to.pdf pre_relatorio_08.eps>
(epstopdf)             \includegraphics on input line 370.
Package epstopdf Info: Output file is already uptodate.

<pre_relatorio_08-eps-converted-to.pdf, id=83, 362.35374pt x 297.11pt>
File: pre_relatorio_08-eps-converted-to.pdf Graphic file (type pdf)

<use pre_relatorio_08-eps-converted-to.pdf>
Package pdftex.def Info: pre_relatorio_08-eps-converted-to.pdf used on input li
ne 370.
(pdftex.def)             Requested size: 289.07999pt x 237.03549pt.
 [10 <C:/Users/Augusto/Documents/GitHub/LabControle/lab3/imgs/ziegler-nichols_z
_step.png>]
<sisotool_rootlocus.png, id=88, 1028.34187pt x 490.08093pt>
File: sisotool_rootlocus.png Graphic file (type png)

<use sisotool_rootlocus.png>
Package pdftex.def Info: sisotool_rootlocus.png used on input line 383.
(pdftex.def)             Requested size: 289.07999pt x 137.76762pt.
 [11 <C:/Users/Augusto/Documents/GitHub/LabControle/lab3/latex/pre_relatorio_07
-eps-converted-to.pdf> <C:/Users/Augusto/Documents/GitHub/LabControle/lab3/late
x/pre_relatorio_08-eps-converted-to.pdf>]
<sisotool_step.png, id=99, 421.575pt x 316.18124pt>
File: sisotool_step.png Graphic file (type png)
 <use sisotool_step.png>
Package pdftex.def Info: sisotool_step.png used on input line 388.
(pdftex.def)             Requested size: 289.07999pt x 216.81442pt.

<sisotool_rampa.png, id=100, 421.575pt x 316.18124pt>
File: sisotool_rampa.png Graphic file (type png)
 <use sisotool_rampa.png>
Package pdftex.def Info: sisotool_rampa.png used on input line 393.
(pdftex.def)             Requested size: 289.07999pt x 216.81442pt.

[12 <C:/Users/Augusto/Documents/GitHub/LabControle/lab3/latex/sisotool_rootlocu
s.png (PNG copy)> <C:/Users/Augusto/Documents/GitHub/LabControle/lab3/latex/sis
otool_step.png (PNG copy)> <C:/Users/Augusto/Documents/GitHub/LabControle/lab3/
latex/sisotool_rampa.png (PNG copy)>]
<sisotool_stepd.png, id=105, 421.575pt x 316.18124pt>
File: sisotool_stepd.png Graphic file (type png)
 <use sisotool_stepd.png>
Package pdftex.def Info: sisotool_stepd.png used on input line 405.
(pdftex.def)             Requested size: 289.07999pt x 216.81442pt.

<sisotool_rampad.png, id=106, 421.575pt x 316.18124pt>
File: sisotool_rampad.png Graphic file (type png)

<use sisotool_rampad.png>
Package pdftex.def Info: sisotool_rampad.png used on input line 410.
(pdftex.def)             Requested size: 289.07999pt x 216.81442pt.
 [13 <C:/Users/Augusto/Documents/GitHub/LabControle/lab3/latex/sisotool_stepd.p
ng (PNG copy)> <C:/Users/Augusto/Documents/GitHub/LabControle/lab3/latex/sisoto
ol_rampad.png (PNG copy)>]
(C:\Users\Augusto\Documents\GitHub\LabControle\lab3\latex\pre_relatorio.aux) ) 
Here is how much of TeX's memory you used:
 3580 strings out of 493921
 54953 string characters out of 3147276
 112496 words of memory out of 3000000
 6787 multiletter control sequences out of 15000+200000
 14902 words of font info for 35 fonts, out of 3000000 for 9000
 841 hyphenation exceptions out of 8191
 42i,6n,38p,325b,320s stack positions out of 5000i,500n,10000p,200000b,50000s
 
<C:\Users\Augusto\AppData\Local\MiKTeX\2.9\fonts\pk\ljfour\jknappen\ec\dpi600\e
cbx1440.pk> <C:\Users\Augusto\AppData\Local\MiKTeX\2.9\fonts\pk\ljfour\jknappen
\ec\dpi600\ectt1200.pk> <C:\Users\Augusto\AppData\Local\MiKTeX\2.9\fonts\pk\ljf
our\jknappen\ec\dpi600\ecrm1200.pk> <C:\Users\Augusto\AppData\Local\MiKTeX\2.9\
fonts\pk\ljfour\jknappen\ec\dpi600\ecbx1200.pk> <C:\Users\Augusto\AppData\Local
\MiKTeX\2.9\fonts\pk\ljfour\jknappen\ec\dpi600\ecbx1728.pk> <C:\Users\Augusto\A
ppData\Local\MiKTeX\2.9\fonts\pk\ljfour\jknappen\ec\dpi600\ecrm1440.pk> <C:\Use
rs\Augusto\AppData\Local\MiKTeX\2.9\fonts\pk\ljfour\jknappen\ec\dpi600\ecti1440
.pk> <C:\Users\Augusto\AppData\Local\MiKTeX\2.9\fonts\pk\ljfour\jknappen\ec\dpi
600\ecbx2488.pk> <C:\Users\Augusto\AppData\Local\MiKTeX\2.9\fonts\pk\ljfour\jkn
appen\ec\dpi600\eccc1200.pk> <C:\Users\Augusto\AppData\Local\MiKTeX\2.9\fonts\p
k\ljfour\jknappen\ec\dpi600\eccc2074.pk><e:/Program Files/MiKTeX 2.9/fonts/type
1/public/amsfonts/cm/cmmi12.pfb><e:/Program Files/MiKTeX 2.9/fonts/type1/public
/amsfonts/cm/cmmi8.pfb><e:/Program Files/MiKTeX 2.9/fonts/type1/public/amsfonts
/cm/cmr12.pfb><e:/Program Files/MiKTeX 2.9/fonts/type1/public/amsfonts/cm/cmr6.
pfb><e:/Program Files/MiKTeX 2.9/fonts/type1/public/amsfonts/cm/cmr8.pfb><e:/Pr
ogram Files/MiKTeX 2.9/fonts/type1/public/amsfonts/cm/cmsy10.pfb><e:/Program Fi
les/MiKTeX 2.9/fonts/type1/public/amsfonts/cm/cmsy8.pfb>
Output written on pre_relatorio.pdf (14 pages, 529034 bytes).
PDF statistics:
 474 PDF objects out of 1000 (max. 8388607)
 0 named destinations out of 1000 (max. 500000)
 91 words of extra memory for PDF output out of 10000 (max. 10000000)

